<?xml version="1.0" encoding="UTF-8"?>
<coverage generated="1692944842626" clover="3.2.0">
  <project timestamp="1692944842626" name="All files">
    <metrics statements="3" coveredstatements="3" conditionals="2" coveredconditionals="2" methods="2" coveredmethods="2" elements="7" coveredelements="7" complexity="0" loc="3" ncloc="3" packages="1" files="1" classes="1"/>
    <file name="car-controller.ts" path="/Users/ram/Documents/Intake 19/week_3/ts-api-tdd/car-controller.ts">
      <metrics statements="3" coveredstatements="3" conditionals="2" coveredconditionals="2" methods="2" coveredmethods="2"/>
      <line num="3" count="1" type="cond" truecount="2" falsecount="0"/>
      <line num="4" count="1" type="stmt"/>
      <line num="5" count="1" type="stmt"/>
    </file>
  </project>
</coverage>
