{"/Users/ram/Documents/Intake 19/week_3/ts-api-tdd/car-controller.ts": {"path":"/Users/ram/Documents/Intake 19/week_3/ts-api-tdd/car-controller.ts","statementMap":{"0":{"start":{"line":3,"column":0},"end":{"line":3,"column":null}},"1":{"start":{"line":4,"column":14},"end":{"line":6,"column":3}},"2":{"start":{"line":5,"column":2},"end":{"line":5,"column":27}}},"fnMap":{"0":{"name":"(anonymous_0)","decl":{"start":{"line":3,"column":0},"end":{"line":3,"column":17}},"loc":{"start":{"line":3,"column":30},"end":{"line":7,"column":1}}},"1":{"name":"(anonymous_1)","decl":{"start":{"line":4,"column":31},"end":{"line":4,"column":32}},"loc":{"start":{"line":4,"column":61},"end":{"line":6,"column":2}}}},"branchMap":{"0":{"loc":{"start":{"line":3,"column":17},"end":{"line":3,"column":null}},"type":"binary-expr","locations":[{"start":{"line":3,"column":17},"end":{"line":3,"column":30}},{"start":{"line":3,"column":30},"end":{"line":3,"column":null}}]}},"s":{"0":1,"1":1,"2":1},"f":{"0":1,"1":1},"b":{"0":[1,1]}}
}
